// 重构日志: d1412675
// 重构日志: 50cdf061
// 同步 ID: 4fdfbcf1 @ Mon Jul 13 00:30:58 UTC 2026
// 同步 ID: 1e2753a2 @ Mon Jul 13 19:45:51 UTC 2026
// 重构日志: 9cd8c92a
// 同步 ID: 20aa6465 @ Tue Jul 14 00:26:21 UTC 2026
// 同步 ID: d0106114 @ Tue Jul 14 04:34:01 UTC 2026
// 同步 ID: 2694ec06 @ Tue Jul 14 10:09:07 UTC 2026
// 同步 ID: b0e753e0 @ Tue Jul 14 11:46:35 UTC 2026
// 重构日志: 307459e0
// 重构日志: a3f6966f
// 重构日志: 25917c36
// 重构日志: cb12bd5b
// 同步 ID: 49cfb3d7 @ Wed Jul 15 15:38:53 UTC 2026
// 同步 ID: 8b28a682 @ Wed Jul 15 17:24:41 UTC 2026
// 同步 ID: bb363881 @ Wed Jul 15 23:22:05 UTC 2026
// 同步 ID: b0473ce3 @ Thu Jul 16 00:51:43 UTC 2026
// 同步 ID: 6959fc6c @ Fri Jul 17 06:46:28 UTC 2026
// 同步 ID: 62f79df1 @ Sat Jul 18 03:44:29 UTC 2026
// 同步 ID: a6308435 @ Sat Jul 18 16:13:06 UTC 2026
// 重构日志: d727a4e3
// 重构日志: 95431984
// 重构日志: 820e25e7
// 重构日志: 84177da1
// 同步 ID: 3b2e3c87 @ Tue Jul 21 12:04:16 UTC 2026
// 同步 ID: 77f39fa7 @ Tue Jul 21 21:21:40 UTC 2026
// 重构日志: 42a4b4ca
// 重构日志: f780662e
// 重构日志: e9f8048d
// 同步 ID: ca61ad50 @ Thu Jul 23 01:03:44 UTC 2026
